
*** Running vivado
    with args -log fifo_generator_0.vds -m64 -product Vivado -mode batch -messageDb vivado.pb -notrace -source fifo_generator_0.tcl


****** Vivado v2018.3 (64-bit)
  **** SW Build 2405991 on Thu Dec  6 23:38:27 MST 2018
  **** IP Build 2404404 on Fri Dec  7 01:43:56 MST 2018
    ** Copyright 1986-2018 Xilinx, Inc. All Rights Reserved.

source fifo_generator_0.tcl -notrace
Command: synth_design -top fifo_generator_0 -part xc7a75tfgg484-1 -mode out_of_context
Starting synth_design
Attempting to get a license for feature 'Synthesis' and/or device 'xc7a75t'
INFO: [Common 17-349] Got license for feature 'Synthesis' and/or device 'xc7a75t'
INFO: Launching helper process for spawning children vivado processes
INFO: Helper process launched with PID 9144 
---------------------------------------------------------------------------------
Starting RTL Elaboration : Time (s): cpu = 00:00:05 ; elapsed = 00:00:07 . Memory (MB): peak = 390.684 ; gain = 102.785
---------------------------------------------------------------------------------
INFO: [Synth 8-638] synthesizing module 'fifo_generator_0' [c:/Users/hshanbha/immathrottleyourpipe/immathrottleyourpipe.srcs/sources_1/ip/fifo_generator_0/synth/fifo_generator_0.vhd:75]
	Parameter C_COMMON_CLOCK bound to: 0 - type: integer 
	Parameter C_SELECT_XPM bound to: 0 - type: integer 
	Parameter C_COUNT_TYPE bound to: 0 - type: integer 
	Parameter C_DATA_COUNT_WIDTH bound to: 16 - type: integer 
	Parameter C_DEFAULT_VALUE bound to: BlankString - type: string 
	Parameter C_DIN_WIDTH bound to: 32 - type: integer 
	Parameter C_DOUT_RST_VAL bound to: 0 - type: string 
	Parameter C_DOUT_WIDTH bound to: 32 - type: integer 
	Parameter C_ENABLE_RLOCS bound to: 0 - type: integer 
	Parameter C_FAMILY bound to: artix7 - type: string 
	Parameter C_FULL_FLAGS_RST_VAL bound to: 1 - type: integer 
	Parameter C_HAS_ALMOST_EMPTY bound to: 0 - type: integer 
	Parameter C_HAS_ALMOST_FULL bound to: 0 - type: integer 
	Parameter C_HAS_BACKUP bound to: 0 - type: integer 
	Parameter C_HAS_DATA_COUNT bound to: 0 - type: integer 
	Parameter C_HAS_INT_CLK bound to: 0 - type: integer 
	Parameter C_HAS_MEMINIT_FILE bound to: 0 - type: integer 
	Parameter C_HAS_OVERFLOW bound to: 0 - type: integer 
	Parameter C_HAS_RD_DATA_COUNT bound to: 0 - type: integer 
	Parameter C_HAS_RD_RST bound to: 0 - type: integer 
	Parameter C_HAS_RST bound to: 1 - type: integer 
	Parameter C_HAS_SRST bound to: 0 - type: integer 
	Parameter C_HAS_UNDERFLOW bound to: 0 - type: integer 
	Parameter C_HAS_VALID bound to: 0 - type: integer 
	Parameter C_HAS_WR_ACK bound to: 0 - type: integer 
	Parameter C_HAS_WR_DATA_COUNT bound to: 0 - type: integer 
	Parameter C_HAS_WR_RST bound to: 0 - type: integer 
	Parameter C_IMPLEMENTATION_TYPE bound to: 2 - type: integer 
	Parameter C_INIT_WR_PNTR_VAL bound to: 0 - type: integer 
	Parameter C_MEMORY_TYPE bound to: 1 - type: integer 
	Parameter C_MIF_FILE_NAME bound to: BlankString - type: string 
	Parameter C_OPTIMIZATION_MODE bound to: 0 - type: integer 
	Parameter C_OVERFLOW_LOW bound to: 0 - type: integer 
	Parameter C_PRELOAD_LATENCY bound to: 1 - type: integer 
	Parameter C_PRELOAD_REGS bound to: 0 - type: integer 
	Parameter C_PRIM_FIFO_TYPE bound to: 8kx4 - type: string 
	Parameter C_PROG_EMPTY_THRESH_ASSERT_VAL bound to: 2 - type: integer 
	Parameter C_PROG_EMPTY_THRESH_NEGATE_VAL bound to: 3 - type: integer 
	Parameter C_PROG_EMPTY_TYPE bound to: 0 - type: integer 
	Parameter C_PROG_FULL_THRESH_ASSERT_VAL bound to: 216 - type: integer 
	Parameter C_PROG_FULL_THRESH_NEGATE_VAL bound to: 215 - type: integer 
	Parameter C_PROG_FULL_TYPE bound to: 1 - type: integer 
	Parameter C_RD_DATA_COUNT_WIDTH bound to: 16 - type: integer 
	Parameter C_RD_DEPTH bound to: 65536 - type: integer 
	Parameter C_RD_FREQ bound to: 1 - type: integer 
	Parameter C_RD_PNTR_WIDTH bound to: 16 - type: integer 
	Parameter C_UNDERFLOW_LOW bound to: 0 - type: integer 
	Parameter C_USE_DOUT_RST bound to: 1 - type: integer 
	Parameter C_USE_ECC bound to: 0 - type: integer 
	Parameter C_USE_EMBEDDED_REG bound to: 0 - type: integer 
	Parameter C_USE_PIPELINE_REG bound to: 0 - type: integer 
	Parameter C_POWER_SAVING_MODE bound to: 0 - type: integer 
	Parameter C_USE_FIFO16_FLAGS bound to: 0 - type: integer 
	Parameter C_USE_FWFT_DATA_COUNT bound to: 0 - type: integer 
	Parameter C_VALID_LOW bound to: 0 - type: integer 
	Parameter C_WR_ACK_LOW bound to: 0 - type: integer 
	Parameter C_WR_DATA_COUNT_WIDTH bound to: 16 - type: integer 
	Parameter C_WR_DEPTH bound to: 65536 - type: integer 
	Parameter C_WR_FREQ bound to: 1 - type: integer 
	Parameter C_WR_PNTR_WIDTH bound to: 16 - type: integer 
	Parameter C_WR_RESPONSE_LATENCY bound to: 1 - type: integer 
	Parameter C_MSGON_VAL bound to: 1 - type: integer 
	Parameter C_ENABLE_RST_SYNC bound to: 0 - type: integer 
	Parameter C_EN_SAFETY_CKT bound to: 0 - type: integer 
	Parameter C_ERROR_INJECTION_TYPE bound to: 0 - type: integer 
	Parameter C_SYNCHRONIZER_STAGE bound to: 2 - type: integer 
	Parameter C_INTERFACE_TYPE bound to: 0 - type: integer 
	Parameter C_AXI_TYPE bound to: 1 - type: integer 
	Parameter C_HAS_AXI_WR_CHANNEL bound to: 1 - type: integer 
	Parameter C_HAS_AXI_RD_CHANNEL bound to: 1 - type: integer 
	Parameter C_HAS_SLAVE_CE bound to: 0 - type: integer 
	Parameter C_HAS_MASTER_CE bound to: 0 - type: integer 
	Parameter C_ADD_NGC_CONSTRAINT bound to: 0 - type: integer 
	Parameter C_USE_COMMON_OVERFLOW bound to: 0 - type: integer 
	Parameter C_USE_COMMON_UNDERFLOW bound to: 0 - type: integer 
	Parameter C_USE_DEFAULT_SETTINGS bound to: 0 - type: integer 
	Parameter C_AXI_ID_WIDTH bound to: 1 - type: integer 
	Parameter C_AXI_ADDR_WIDTH bound to: 32 - type: integer 
	Parameter C_AXI_DATA_WIDTH bound to: 64 - type: integer 
	Parameter C_AXI_LEN_WIDTH bound to: 8 - type: integer 
	Parameter C_AXI_LOCK_WIDTH bound to: 1 - type: integer 
	Parameter C_HAS_AXI_ID bound to: 0 - type: integer 
	Parameter C_HAS_AXI_AWUSER bound to: 0 - type: integer 
	Parameter C_HAS_AXI_WUSER bound to: 0 - type: integer 
	Parameter C_HAS_AXI_BUSER bound to: 0 - type: integer 
	Parameter C_HAS_AXI_ARUSER bound to: 0 - type: integer 
	Parameter C_HAS_AXI_RUSER bound to: 0 - type: integer 
	Parameter C_AXI_ARUSER_WIDTH bound to: 1 - type: integer 
	Parameter C_AXI_AWUSER_WIDTH bound to: 1 - type: integer 
	Parameter C_AXI_WUSER_WIDTH bound to: 1 - type: integer 
	Parameter C_AXI_BUSER_WIDTH bound to: 1 - type: integer 
	Parameter C_AXI_RUSER_WIDTH bound to: 1 - type: integer 
	Parameter C_HAS_AXIS_TDATA bound to: 1 - type: integer 
	Parameter C_HAS_AXIS_TID bound to: 0 - type: integer 
	Parameter C_HAS_AXIS_TDEST bound to: 0 - type: integer 
	Parameter C_HAS_AXIS_TUSER bound to: 1 - type: integer 
	Parameter C_HAS_AXIS_TREADY bound to: 1 - type: integer 
	Parameter C_HAS_AXIS_TLAST bound to: 0 - type: integer 
	Parameter C_HAS_AXIS_TSTRB bound to: 0 - type: integer 
	Parameter C_HAS_AXIS_TKEEP bound to: 0 - type: integer 
	Parameter C_AXIS_TDATA_WIDTH bound to: 8 - type: integer 
	Parameter C_AXIS_TID_WIDTH bound to: 1 - type: integer 
	Parameter C_AXIS_TDEST_WIDTH bound to: 1 - type: integer 
	Parameter C_AXIS_TUSER_WIDTH bound to: 4 - type: integer 
	Parameter C_AXIS_TSTRB_WIDTH bound to: 1 - type: integer 
	Parameter C_AXIS_TKEEP_WIDTH bound to: 1 - type: integer 
	Parameter C_WACH_TYPE bound to: 0 - type: integer 
	Parameter C_WDCH_TYPE bound to: 0 - type: integer 
	Parameter C_WRCH_TYPE bound to: 0 - type: integer 
	Parameter C_RACH_TYPE bound to: 0 - type: integer 
	Parameter C_RDCH_TYPE bound to: 0 - type: integer 
	Parameter C_AXIS_TYPE bound to: 0 - type: integer 
	Parameter C_IMPLEMENTATION_TYPE_WACH bound to: 1 - type: integer 
	Parameter C_IMPLEMENTATION_TYPE_WDCH bound to: 1 - type: integer 
	Parameter C_IMPLEMENTATION_TYPE_WRCH bound to: 1 - type: integer 
	Parameter C_IMPLEMENTATION_TYPE_RACH bound to: 1 - type: integer 
	Parameter C_IMPLEMENTATION_TYPE_RDCH bound to: 1 - type: integer 
	Parameter C_IMPLEMENTATION_TYPE_AXIS bound to: 1 - type: integer 
	Parameter C_APPLICATION_TYPE_WACH bound to: 0 - type: integer 
	Parameter C_APPLICATION_TYPE_WDCH bound to: 0 - type: integer 
	Parameter C_APPLICATION_TYPE_WRCH bound to: 0 - type: integer 
	Parameter C_APPLICATION_TYPE_RACH bound to: 0 - type: integer 
	Parameter C_APPLICATION_TYPE_RDCH bound to: 0 - type: integer 
	Parameter C_APPLICATION_TYPE_AXIS bound to: 0 - type: integer 
	Parameter C_PRIM_FIFO_TYPE_WACH bound to: 512x36 - type: string 
	Parameter C_PRIM_FIFO_TYPE_WDCH bound to: 1kx36 - type: string 
	Parameter C_PRIM_FIFO_TYPE_WRCH bound to: 512x36 - type: string 
	Parameter C_PRIM_FIFO_TYPE_RACH bound to: 512x36 - type: string 
	Parameter C_PRIM_FIFO_TYPE_RDCH bound to: 1kx36 - type: string 
	Parameter C_PRIM_FIFO_TYPE_AXIS bound to: 1kx18 - type: string 
	Parameter C_USE_ECC_WACH bound to: 0 - type: integer 
	Parameter C_USE_ECC_WDCH bound to: 0 - type: integer 
	Parameter C_USE_ECC_WRCH bound to: 0 - type: integer 
	Parameter C_USE_ECC_RACH bound to: 0 - type: integer 
	Parameter C_USE_ECC_RDCH bound to: 0 - type: integer 
	Parameter C_USE_ECC_AXIS bound to: 0 - type: integer 
	Parameter C_ERROR_INJECTION_TYPE_WACH bound to: 0 - type: integer 
	Parameter C_ERROR_INJECTION_TYPE_WDCH bound to: 0 - type: integer 
	Parameter C_ERROR_INJECTION_TYPE_WRCH bound to: 0 - type: integer 
	Parameter C_ERROR_INJECTION_TYPE_RACH bound to: 0 - type: integer 
	Parameter C_ERROR_INJECTION_TYPE_RDCH bound to: 0 - type: integer 
	Parameter C_ERROR_INJECTION_TYPE_AXIS bound to: 0 - type: integer 
	Parameter C_DIN_WIDTH_WACH bound to: 1 - type: integer 
	Parameter C_DIN_WIDTH_WDCH bound to: 64 - type: integer 
	Parameter C_DIN_WIDTH_WRCH bound to: 2 - type: integer 
	Parameter C_DIN_WIDTH_RACH bound to: 32 - type: integer 
	Parameter C_DIN_WIDTH_RDCH bound to: 64 - type: integer 
	Parameter C_DIN_WIDTH_AXIS bound to: 1 - type: integer 
	Parameter C_WR_DEPTH_WACH bound to: 16 - type: integer 
	Parameter C_WR_DEPTH_WDCH bound to: 1024 - type: integer 
	Parameter C_WR_DEPTH_WRCH bound to: 16 - type: integer 
	Parameter C_WR_DEPTH_RACH bound to: 16 - type: integer 
	Parameter C_WR_DEPTH_RDCH bound to: 1024 - type: integer 
	Parameter C_WR_DEPTH_AXIS bound to: 1024 - type: integer 
	Parameter C_WR_PNTR_WIDTH_WACH bound to: 4 - type: integer 
	Parameter C_WR_PNTR_WIDTH_WDCH bound to: 10 - type: integer 
	Parameter C_WR_PNTR_WIDTH_WRCH bound to: 4 - type: integer 
	Parameter C_WR_PNTR_WIDTH_RACH bound to: 4 - type: integer 
	Parameter C_WR_PNTR_WIDTH_RDCH bound to: 10 - type: integer 
	Parameter C_WR_PNTR_WIDTH_AXIS bound to: 10 - type: integer 
	Parameter C_HAS_DATA_COUNTS_WACH bound to: 0 - type: integer 
	Parameter C_HAS_DATA_COUNTS_WDCH bound to: 0 - type: integer 
	Parameter C_HAS_DATA_COUNTS_WRCH bound to: 0 - type: integer 
	Parameter C_HAS_DATA_COUNTS_RACH bound to: 0 - type: integer 
	Parameter C_HAS_DATA_COUNTS_RDCH bound to: 0 - type: integer 
	Parameter C_HAS_DATA_COUNTS_AXIS bound to: 0 - type: integer 
	Parameter C_HAS_PROG_FLAGS_WACH bound to: 0 - type: integer 
	Parameter C_HAS_PROG_FLAGS_WDCH bound to: 0 - type: integer 
	Parameter C_HAS_PROG_FLAGS_WRCH bound to: 0 - type: integer 
	Parameter C_HAS_PROG_FLAGS_RACH bound to: 0 - type: integer 
	Parameter C_HAS_PROG_FLAGS_RDCH bound to: 0 - type: integer 
	Parameter C_HAS_PROG_FLAGS_AXIS bound to: 0 - type: integer 
	Parameter C_PROG_FULL_TYPE_WACH bound to: 0 - type: integer 
	Parameter C_PROG_FULL_TYPE_WDCH bound to: 0 - type: integer 
	Parameter C_PROG_FULL_TYPE_WRCH bound to: 0 - type: integer 
	Parameter C_PROG_FULL_TYPE_RACH bound to: 0 - type: integer 
	Parameter C_PROG_FULL_TYPE_RDCH bound to: 0 - type: integer 
	Parameter C_PROG_FULL_TYPE_AXIS bound to: 0 - type: integer 
	Parameter C_PROG_FULL_THRESH_ASSERT_VAL_WACH bound to: 1023 - type: integer 
	Parameter C_PROG_FULL_THRESH_ASSERT_VAL_WDCH bound to: 1023 - type: integer 
	Parameter C_PROG_FULL_THRESH_ASSERT_VAL_WRCH bound to: 1023 - type: integer 
	Parameter C_PROG_FULL_THRESH_ASSERT_VAL_RACH bound to: 1023 - type: integer 
	Parameter C_PROG_FULL_THRESH_ASSERT_VAL_RDCH bound to: 1023 - type: integer 
	Parameter C_PROG_FULL_THRESH_ASSERT_VAL_AXIS bound to: 1023 - type: integer 
	Parameter C_PROG_EMPTY_TYPE_WACH bound to: 0 - type: integer 
	Parameter C_PROG_EMPTY_TYPE_WDCH bound to: 0 - type: integer 
	Parameter C_PROG_EMPTY_TYPE_WRCH bound to: 0 - type: integer 
	Parameter C_PROG_EMPTY_TYPE_RACH bound to: 0 - type: integer 
	Parameter C_PROG_EMPTY_TYPE_RDCH bound to: 0 - type: integer 
	Parameter C_PROG_EMPTY_TYPE_AXIS bound to: 0 - type: integer 
	Parameter C_PROG_EMPTY_THRESH_ASSERT_VAL_WACH bound to: 1022 - type: integer 
	Parameter C_PROG_EMPTY_THRESH_ASSERT_VAL_WDCH bound to: 1022 - type: integer 
	Parameter C_PROG_EMPTY_THRESH_ASSERT_VAL_WRCH bound to: 1022 - type: integer 
	Parameter C_PROG_EMPTY_THRESH_ASSERT_VAL_RACH bound to: 1022 - type: integer 
	Parameter C_PROG_EMPTY_THRESH_ASSERT_VAL_RDCH bound to: 1022 - type: integer 
	Parameter C_PROG_EMPTY_THRESH_ASSERT_VAL_AXIS bound to: 1022 - type: integer 
	Parameter C_REG_SLICE_MODE_WACH bound to: 0 - type: integer 
	Parameter C_REG_SLICE_MODE_WDCH bound to: 0 - type: integer 
	Parameter C_REG_SLICE_MODE_WRCH bound to: 0 - type: integer 
	Parameter C_REG_SLICE_MODE_RACH bound to: 0 - type: integer 
	Parameter C_REG_SLICE_MODE_RDCH bound to: 0 - type: integer 
	Parameter C_REG_SLICE_MODE_AXIS bound to: 0 - type: integer 
INFO: [Synth 8-3491] module 'fifo_generator_v13_2_3' declared at 'c:/Users/hshanbha/immathrottleyourpipe/immathrottleyourpipe.srcs/sources_1/ip/fifo_generator_0/hdl/fifo_generator_v13_2_vhsyn_rfs.vhd:38578' bound to instance 'U0' of component 'fifo_generator_v13_2_3' [c:/Users/hshanbha/immathrottleyourpipe/immathrottleyourpipe.srcs/sources_1/ip/fifo_generator_0/synth/fifo_generator_0.vhd:545]
INFO: [Synth 8-6157] synthesizing module 'xpm_cdc_gray' [C:/Xilinx/Vivado/2018.3/data/ip/xpm/xpm_cdc/hdl/xpm_cdc.sv:284]
INFO: [Synth 8-5534] Detected attribute (* ASYNC_REG = "TRUE" *) [C:/Xilinx/Vivado/2018.3/data/ip/xpm/xpm_cdc/hdl/xpm_cdc.sv:358]
INFO: [Synth 8-6155] done synthesizing module 'xpm_cdc_gray' (14#1) [C:/Xilinx/Vivado/2018.3/data/ip/xpm/xpm_cdc/hdl/xpm_cdc.sv:284]
INFO: [Synth 8-256] done synthesizing module 'fifo_generator_0' (29#1) [c:/Users/hshanbha/immathrottleyourpipe/immathrottleyourpipe.srcs/sources_1/ip/fifo_generator_0/synth/fifo_generator_0.vhd:75]
WARNING: [Synth 8-3331] design wr_pf_as has unconnected port PROG_FULL_THRESH[15]
WARNING: [Synth 8-3331] design wr_pf_as has unconnected port PROG_FULL_THRESH[14]
WARNING: [Synth 8-3331] design wr_pf_as has unconnected port PROG_FULL_THRESH[13]
WARNING: [Synth 8-3331] design wr_pf_as has unconnected port PROG_FULL_THRESH[12]
WARNING: [Synth 8-3331] design wr_pf_as has unconnected port PROG_FULL_THRESH[11]
WARNING: [Synth 8-3331] design wr_pf_as has unconnected port PROG_FULL_THRESH[10]
WARNING: [Synth 8-3331] design wr_pf_as has unconnected port PROG_FULL_THRESH[9]
WARNING: [Synth 8-3331] design wr_pf_as has unconnected port PROG_FULL_THRESH[8]
WARNING: [Synth 8-3331] design wr_pf_as has unconnected port PROG_FULL_THRESH[7]
WARNING: [Synth 8-3331] design wr_pf_as has unconnected port PROG_FULL_THRESH[6]
WARNING: [Synth 8-3331] design wr_pf_as has unconnected port PROG_FULL_THRESH[5]
WARNING: [Synth 8-3331] design wr_pf_as has unconnected port PROG_FULL_THRESH[4]
WARNING: [Synth 8-3331] design wr_pf_as has unconnected port PROG_FULL_THRESH[3]
WARNING: [Synth 8-3331] design wr_pf_as has unconnected port PROG_FULL_THRESH[2]
WARNING: [Synth 8-3331] design wr_pf_as has unconnected port PROG_FULL_THRESH[1]
WARNING: [Synth 8-3331] design wr_pf_as has unconnected port PROG_FULL_THRESH[0]
WARNING: [Synth 8-3331] design wr_pf_as has unconnected port PROG_FULL_THRESH_ASSERT[15]
WARNING: [Synth 8-3331] design wr_pf_as has unconnected port PROG_FULL_THRESH_ASSERT[14]
WARNING: [Synth 8-3331] design wr_pf_as has unconnected port PROG_FULL_THRESH_ASSERT[13]
WARNING: [Synth 8-3331] design wr_pf_as has unconnected port PROG_FULL_THRESH_ASSERT[12]
WARNING: [Synth 8-3331] design wr_pf_as has unconnected port PROG_FULL_THRESH_ASSERT[11]
WARNING: [Synth 8-3331] design wr_pf_as has unconnected port PROG_FULL_THRESH_ASSERT[10]
WARNING: [Synth 8-3331] design wr_pf_as has unconnected port PROG_FULL_THRESH_ASSERT[9]
WARNING: [Synth 8-3331] design wr_pf_as has unconnected port PROG_FULL_THRESH_ASSERT[8]
WARNING: [Synth 8-3331] design wr_pf_as has unconnected port PROG_FULL_THRESH_ASSERT[7]
WARNING: [Synth 8-3331] design wr_pf_as has unconnected port PROG_FULL_THRESH_ASSERT[6]
WARNING: [Synth 8-3331] design wr_pf_as has unconnected port PROG_FULL_THRESH_ASSERT[5]
WARNING: [Synth 8-3331] design wr_pf_as has unconnected port PROG_FULL_THRESH_ASSERT[4]
WARNING: [Synth 8-3331] design wr_pf_as has unconnected port PROG_FULL_THRESH_ASSERT[3]
WARNING: [Synth 8-3331] design wr_pf_as has unconnected port PROG_FULL_THRESH_ASSERT[2]
WARNING: [Synth 8-3331] design wr_pf_as has unconnected port PROG_FULL_THRESH_ASSERT[1]
WARNING: [Synth 8-3331] design wr_pf_as has unconnected port PROG_FULL_THRESH_ASSERT[0]
WARNING: [Synth 8-3331] design wr_pf_as has unconnected port PROG_FULL_THRESH_NEGATE[15]
WARNING: [Synth 8-3331] design wr_pf_as has unconnected port PROG_FULL_THRESH_NEGATE[14]
WARNING: [Synth 8-3331] design wr_pf_as has unconnected port PROG_FULL_THRESH_NEGATE[13]
WARNING: [Synth 8-3331] design wr_pf_as has unconnected port PROG_FULL_THRESH_NEGATE[12]
WARNING: [Synth 8-3331] design wr_pf_as has unconnected port PROG_FULL_THRESH_NEGATE[11]
WARNING: [Synth 8-3331] design wr_pf_as has unconnected port PROG_FULL_THRESH_NEGATE[10]
WARNING: [Synth 8-3331] design wr_pf_as has unconnected port PROG_FULL_THRESH_NEGATE[9]
WARNING: [Synth 8-3331] design wr_pf_as has unconnected port PROG_FULL_THRESH_NEGATE[8]
WARNING: [Synth 8-3331] design wr_pf_as has unconnected port PROG_FULL_THRESH_NEGATE[7]
WARNING: [Synth 8-3331] design wr_pf_as has unconnected port PROG_FULL_THRESH_NEGATE[6]
WARNING: [Synth 8-3331] design wr_pf_as has unconnected port PROG_FULL_THRESH_NEGATE[5]
WARNING: [Synth 8-3331] design wr_pf_as has unconnected port PROG_FULL_THRESH_NEGATE[4]
WARNING: [Synth 8-3331] design wr_pf_as has unconnected port PROG_FULL_THRESH_NEGATE[3]
WARNING: [Synth 8-3331] design wr_pf_as has unconnected port PROG_FULL_THRESH_NEGATE[2]
WARNING: [Synth 8-3331] design wr_pf_as has unconnected port PROG_FULL_THRESH_NEGATE[1]
WARNING: [Synth 8-3331] design wr_pf_as has unconnected port PROG_FULL_THRESH_NEGATE[0]
WARNING: [Synth 8-3331] design wr_pf_as has unconnected port SRST
WARNING: [Synth 8-3331] design wr_status_flags_as has unconnected port WR_RST
WARNING: [Synth 8-3331] design wr_status_flags_as has unconnected port SRST
WARNING: [Synth 8-3331] design wr_status_flags_as has unconnected port SAFETY_CKT_WR_RST
WARNING: [Synth 8-3331] design wr_status_flags_as has unconnected port WR_PNTR_PLUS3[15]
WARNING: [Synth 8-3331] design wr_status_flags_as has unconnected port WR_PNTR_PLUS3[14]
WARNING: [Synth 8-3331] design wr_status_flags_as has unconnected port WR_PNTR_PLUS3[13]
WARNING: [Synth 8-3331] design wr_status_flags_as has unconnected port WR_PNTR_PLUS3[12]
WARNING: [Synth 8-3331] design wr_status_flags_as has unconnected port WR_PNTR_PLUS3[11]
WARNING: [Synth 8-3331] design wr_status_flags_as has unconnected port WR_PNTR_PLUS3[10]
WARNING: [Synth 8-3331] design wr_status_flags_as has unconnected port WR_PNTR_PLUS3[9]
WARNING: [Synth 8-3331] design wr_status_flags_as has unconnected port WR_PNTR_PLUS3[8]
WARNING: [Synth 8-3331] design wr_status_flags_as has unconnected port WR_PNTR_PLUS3[7]
WARNING: [Synth 8-3331] design wr_status_flags_as has unconnected port WR_PNTR_PLUS3[6]
WARNING: [Synth 8-3331] design wr_status_flags_as has unconnected port WR_PNTR_PLUS3[5]
WARNING: [Synth 8-3331] design wr_status_flags_as has unconnected port WR_PNTR_PLUS3[4]
WARNING: [Synth 8-3331] design wr_status_flags_as has unconnected port WR_PNTR_PLUS3[3]
WARNING: [Synth 8-3331] design wr_status_flags_as has unconnected port WR_PNTR_PLUS3[2]
WARNING: [Synth 8-3331] design wr_status_flags_as has unconnected port WR_PNTR_PLUS3[1]
WARNING: [Synth 8-3331] design wr_status_flags_as has unconnected port WR_PNTR_PLUS3[0]
WARNING: [Synth 8-3331] design wr_bin_cntr has unconnected port SRST
WARNING: [Synth 8-3331] design wr_logic has unconnected port WR_EN_INTO_LOGIC
WARNING: [Synth 8-3331] design wr_logic has unconnected port WR_RST_INTO_LOGIC
WARNING: [Synth 8-3331] design wr_logic has unconnected port RD_EN
WARNING: [Synth 8-3331] design wr_logic has unconnected port SRST_FULL_FF
WARNING: [Synth 8-3331] design wr_logic has unconnected port WR_RST_BUSY
WARNING: [Synth 8-3331] design wr_logic has unconnected port EMPTY
WARNING: [Synth 8-3331] design wr_logic has unconnected port RAM_RD_EN
WARNING: [Synth 8-3331] design wr_logic has unconnected port ALMOST_EMPTY
WARNING: [Synth 8-3331] design rd_status_flags_as has unconnected port SRST
WARNING: [Synth 8-3331] design rd_status_flags_as has unconnected port SAFETY_CKT_RD_RST
WARNING: [Synth 8-3331] design rd_status_flags_as has unconnected port RD_PNTR_PLUS2[15]
WARNING: [Synth 8-3331] design rd_status_flags_as has unconnected port RD_PNTR_PLUS2[14]
WARNING: [Synth 8-3331] design rd_status_flags_as has unconnected port RD_PNTR_PLUS2[13]
WARNING: [Synth 8-3331] design rd_status_flags_as has unconnected port RD_PNTR_PLUS2[12]
WARNING: [Synth 8-3331] design rd_status_flags_as has unconnected port RD_PNTR_PLUS2[11]
WARNING: [Synth 8-3331] design rd_status_flags_as has unconnected port RD_PNTR_PLUS2[10]
WARNING: [Synth 8-3331] design rd_status_flags_as has unconnected port RD_PNTR_PLUS2[9]
WARNING: [Synth 8-3331] design rd_status_flags_as has unconnected port RD_PNTR_PLUS2[8]
WARNING: [Synth 8-3331] design rd_status_flags_as has unconnected port RD_PNTR_PLUS2[7]
WARNING: [Synth 8-3331] design rd_status_flags_as has unconnected port RD_PNTR_PLUS2[6]
WARNING: [Synth 8-3331] design rd_status_flags_as has unconnected port RD_PNTR_PLUS2[5]
WARNING: [Synth 8-3331] design rd_status_flags_as has unconnected port RD_PNTR_PLUS2[4]
WARNING: [Synth 8-3331] design rd_status_flags_as has unconnected port RD_PNTR_PLUS2[3]
WARNING: [Synth 8-3331] design rd_status_flags_as has unconnected port RD_PNTR_PLUS2[2]
WARNING: [Synth 8-3331] design rd_status_flags_as has unconnected port RD_PNTR_PLUS2[1]
WARNING: [Synth 8-3331] design rd_status_flags_as has unconnected port RD_PNTR_PLUS2[0]
WARNING: [Synth 8-3331] design rd_bin_cntr has unconnected port SRST
WARNING: [Synth 8-3331] design rd_logic has unconnected port RD_EN_INTO_LOGIC
WARNING: [Synth 8-3331] design rd_logic has unconnected port RD_RST_INTO_LOGIC
WARNING: [Synth 8-3331] design rd_logic has unconnected port RD_RST_BUSY
WARNING: [Synth 8-3331] design rd_logic has unconnected port RAM_WR_EN
INFO: [Common 17-14] Message 'Synth 8-3331' appears 100 times and further instances of the messages will be disabled. Use the Tcl command set_msg_config to change the current settings.
---------------------------------------------------------------------------------
Finished RTL Elaboration : Time (s): cpu = 00:01:46 ; elapsed = 00:01:49 . Memory (MB): peak = 686.074 ; gain = 398.176
---------------------------------------------------------------------------------

Report Check Netlist: 
+------+------------------+-------+---------+-------+------------------+
|      |Item              |Errors |Warnings |Status |Description       |
+------+------------------+-------+---------+-------+------------------+
|1     |multi_driven_nets |      0|        0|Passed |Multi driven nets |
+------+------------------+-------+---------+-------+------------------+
---------------------------------------------------------------------------------
Start Handling Custom Attributes
---------------------------------------------------------------------------------
---------------------------------------------------------------------------------
Finished Handling Custom Attributes : Time (s): cpu = 00:01:46 ; elapsed = 00:01:50 . Memory (MB): peak = 686.074 ; gain = 398.176
---------------------------------------------------------------------------------
---------------------------------------------------------------------------------
Finished RTL Optimization Phase 1 : Time (s): cpu = 00:01:46 ; elapsed = 00:01:50 . Memory (MB): peak = 686.074 ; gain = 398.176
---------------------------------------------------------------------------------
INFO: [Netlist 29-17] Analyzing 90 Unisim elements for replacement
INFO: [Netlist 29-28] Unisim Transformation completed in 0 CPU seconds
INFO: [Device 21-403] Loading part xc7a75tfgg484-1
INFO: [Project 1-570] Preparing netlist for logic optimization

Processing XDC Constraints
Initializing timing engine
Parsing XDC File [c:/Users/hshanbha/immathrottleyourpipe/immathrottleyourpipe.srcs/sources_1/ip/fifo_generator_0/fifo_generator_0_ooc.xdc] for cell 'U0'
Finished Parsing XDC File [c:/Users/hshanbha/immathrottleyourpipe/immathrottleyourpipe.srcs/sources_1/ip/fifo_generator_0/fifo_generator_0_ooc.xdc] for cell 'U0'
Parsing XDC File [c:/Users/hshanbha/immathrottleyourpipe/immathrottleyourpipe.srcs/sources_1/ip/fifo_generator_0/fifo_generator_0.xdc] for cell 'U0'
Finished Parsing XDC File [c:/Users/hshanbha/immathrottleyourpipe/immathrottleyourpipe.srcs/sources_1/ip/fifo_generator_0/fifo_generator_0.xdc] for cell 'U0'
Parsing XDC File [C:/Users/hshanbha/immathrottleyourpipe/immathrottleyourpipe.runs/fifo_generator_0_synth_1/dont_touch.xdc]
Finished Parsing XDC File [C:/Users/hshanbha/immathrottleyourpipe/immathrottleyourpipe.runs/fifo_generator_0_synth_1/dont_touch.xdc]
Parsing XDC File [c:/Users/hshanbha/immathrottleyourpipe/immathrottleyourpipe.srcs/sources_1/ip/fifo_generator_0/fifo_generator_0_clocks.xdc] for cell 'U0'
Finished Parsing XDC File [c:/Users/hshanbha/immathrottleyourpipe/immathrottleyourpipe.srcs/sources_1/ip/fifo_generator_0/fifo_generator_0_clocks.xdc] for cell 'U0'
Sourcing Tcl File [C:/Xilinx/Vivado/2018.3/data/ip/xpm/xpm_cdc/tcl/xpm_cdc_gray.tcl] for cell 'U0/inst_fifo_gen/gconvfifo.rf/grf.rf/gntv_or_sync_fifo.gcx.clkx/rd_pntr_cdc_inst'
Finished Sourcing Tcl File [C:/Xilinx/Vivado/2018.3/data/ip/xpm/xpm_cdc/tcl/xpm_cdc_gray.tcl] for cell 'U0/inst_fifo_gen/gconvfifo.rf/grf.rf/gntv_or_sync_fifo.gcx.clkx/rd_pntr_cdc_inst'
Sourcing Tcl File [C:/Xilinx/Vivado/2018.3/data/ip/xpm/xpm_cdc/tcl/xpm_cdc_gray.tcl] for cell 'U0/inst_fifo_gen/gconvfifo.rf/grf.rf/gntv_or_sync_fifo.gcx.clkx/wr_pntr_cdc_inst'
Finished Sourcing Tcl File [C:/Xilinx/Vivado/2018.3/data/ip/xpm/xpm_cdc/tcl/xpm_cdc_gray.tcl] for cell 'U0/inst_fifo_gen/gconvfifo.rf/grf.rf/gntv_or_sync_fifo.gcx.clkx/wr_pntr_cdc_inst'
INFO: [Project 1-236] Implementation specific constraints were found while reading constraint file [C:/Xilinx/Vivado/2018.3/data/ip/xpm/xpm_cdc/tcl/xpm_cdc_gray.tcl]. These constraints will be ignored for synthesis but will be used in implementation. Impacted constraints are listed in the file [.Xil/fifo_generator_0_propImpl.xdc].
Resolution: To avoid this warning, move constraints listed in [.Xil/fifo_generator_0_propImpl.xdc] to another XDC file and exclude this new file from synthesis with the used_in_synthesis property (File Properties dialog in GUI) and re-run elaboration/synthesis.
Netlist sorting complete. Time (s): cpu = 00:00:00 ; elapsed = 00:00:00.001 . Memory (MB): peak = 836.781 ; gain = 0.000
Completed Processing XDC Constraints

Netlist sorting complete. Time (s): cpu = 00:00:00 ; elapsed = 00:00:00.001 . Memory (MB): peak = 836.781 ; gain = 0.000
INFO: [Project 1-111] Unisim Transformation Summary:
No Unisim elements were transformed.

Netlist sorting complete. Time (s): cpu = 00:00:00 ; elapsed = 00:00:00.001 . Memory (MB): peak = 836.781 ; gain = 0.000
Constraint Validation Runtime : Time (s): cpu = 00:00:00 ; elapsed = 00:00:00.044 . Memory (MB): peak = 838.289 ; gain = 1.508
---------------------------------------------------------------------------------
Finished Constraint Validation : Time (s): cpu = 00:01:55 ; elapsed = 00:01:59 . Memory (MB): peak = 838.289 ; gain = 550.391
---------------------------------------------------------------------------------
---------------------------------------------------------------------------------
Start Loading Part and Timing Information
---------------------------------------------------------------------------------
Loading part: xc7a75tfgg484-1
---------------------------------------------------------------------------------
Finished Loading Part and Timing Information : Time (s): cpu = 00:01:55 ; elapsed = 00:01:59 . Memory (MB): peak = 838.289 ; gain = 550.391
---------------------------------------------------------------------------------
---------------------------------------------------------------------------------
Start Applying 'set_property' XDC Constraints
---------------------------------------------------------------------------------
Applied set_property DONT_TOUCH = true for U0. (constraint file  C:/Users/hshanbha/immathrottleyourpipe/immathrottleyourpipe.runs/fifo_generator_0_synth_1/dont_touch.xdc, line 9).
Applied set_property DONT_TOUCH = true for U0/inst_fifo_gen/\gconvfifo.rf /\grf.rf /\gntv_or_sync_fifo.gcx.clkx /rd_pntr_cdc_inst. (constraint file  auto generated constraint, line ).
Applied set_property DONT_TOUCH = true for U0/inst_fifo_gen/\gconvfifo.rf /\grf.rf /\gntv_or_sync_fifo.gcx.clkx /wr_pntr_cdc_inst. (constraint file  auto generated constraint, line ).
---------------------------------------------------------------------------------
Finished applying 'set_property' XDC Constraints : Time (s): cpu = 00:01:55 ; elapsed = 00:01:59 . Memory (MB): peak = 838.289 ; gain = 550.391
---------------------------------------------------------------------------------
---------------------------------------------------------------------------------
Finished RTL Optimization Phase 2 : Time (s): cpu = 00:01:57 ; elapsed = 00:02:01 . Memory (MB): peak = 838.289 ; gain = 550.391
---------------------------------------------------------------------------------

Report RTL Partitions: 
+-+--------------+------------+----------+
| |RTL Partition |Replication |Instances |
+-+--------------+------------+----------+
+-+--------------+------------+----------+
---------------------------------------------------------------------------------
Start RTL Component Statistics 
---------------------------------------------------------------------------------
Detailed RTL Component Info : 
+---Adders : 
	   2 Input     17 Bit       Adders := 1     
+---XORs : 
	   2 Input     16 Bit         XORs := 2     
	   2 Input      1 Bit         XORs := 94    
+---Registers : 
	               17 Bit    Registers := 1     
	               16 Bit    Registers := 11    
	                4 Bit    Registers := 2     
	                1 Bit    Registers := 8     
+---Muxes : 
	   2 Input      1 Bit        Muxes := 33    
---------------------------------------------------------------------------------
Finished RTL Component Statistics 
---------------------------------------------------------------------------------
---------------------------------------------------------------------------------
Start RTL Hierarchical Component Statistics 
---------------------------------------------------------------------------------
Hierarchical RTL Component report 
Module reset_blk_ramfifo 
Detailed RTL Component Info : 
+---Registers : 
	                1 Bit    Registers := 3     
Module bindec 
Detailed RTL Component Info : 
+---Muxes : 
	   2 Input      1 Bit        Muxes := 16    
Module blk_mem_gen_mux 
Detailed RTL Component Info : 
+---Registers : 
	                4 Bit    Registers := 1     
Module blk_mem_gen_mux__parameterized0 
Detailed RTL Component Info : 
+---Registers : 
	                4 Bit    Registers := 1     
Module xpm_cdc_gray 
Detailed RTL Component Info : 
+---XORs : 
	   2 Input     16 Bit         XORs := 1     
	   2 Input      1 Bit         XORs := 15    
+---Registers : 
	               16 Bit    Registers := 4     
Module rd_bin_cntr 
Detailed RTL Component Info : 
+---Registers : 
	               16 Bit    Registers := 1     
Module compare 
Detailed RTL Component Info : 
+---XORs : 
	   2 Input      1 Bit         XORs := 16    
Module rd_status_flags_as 
Detailed RTL Component Info : 
+---Registers : 
	                1 Bit    Registers := 2     
Module wr_bin_cntr 
Detailed RTL Component Info : 
+---Registers : 
	               16 Bit    Registers := 2     
Module wr_status_flags_as 
Detailed RTL Component Info : 
+---Registers : 
	                1 Bit    Registers := 2     
Module wr_pf_as 
Detailed RTL Component Info : 
+---Adders : 
	   2 Input     17 Bit       Adders := 1     
+---Registers : 
	               17 Bit    Registers := 1     
	                1 Bit    Registers := 1     
+---Muxes : 
	   2 Input      1 Bit        Muxes := 1     
---------------------------------------------------------------------------------
Finished RTL Hierarchical Component Statistics
---------------------------------------------------------------------------------
---------------------------------------------------------------------------------
Start Part Resource Summary
---------------------------------------------------------------------------------
Part Resources:
DSPs: 180 (col length:80)
BRAMs: 210 (col length: RAMB18 80 RAMB36 40)
---------------------------------------------------------------------------------
Finished Part Resource Summary
---------------------------------------------------------------------------------
---------------------------------------------------------------------------------
Start Cross Boundary and Area Optimization
---------------------------------------------------------------------------------
Warning: Parallel synthesis criteria is not met 
---------------------------------------------------------------------------------
Finished Cross Boundary and Area Optimization : Time (s): cpu = 00:01:59 ; elapsed = 00:02:03 . Memory (MB): peak = 838.289 ; gain = 550.391
---------------------------------------------------------------------------------

Report RTL Partitions: 
+-+--------------+------------+----------+
| |RTL Partition |Replication |Instances |
+-+--------------+------------+----------+
+-+--------------+------------+----------+
---------------------------------------------------------------------------------
Start Applying XDC Timing Constraints
---------------------------------------------------------------------------------
---------------------------------------------------------------------------------
Finished Applying XDC Timing Constraints : Time (s): cpu = 00:02:06 ; elapsed = 00:02:11 . Memory (MB): peak = 838.289 ; gain = 550.391
---------------------------------------------------------------------------------
---------------------------------------------------------------------------------
Start Timing Optimization
---------------------------------------------------------------------------------
---------------------------------------------------------------------------------
Finished Timing Optimization : Time (s): cpu = 00:02:06 ; elapsed = 00:02:11 . Memory (MB): peak = 838.289 ; gain = 550.391
---------------------------------------------------------------------------------

Report RTL Partitions: 
+-+--------------+------------+----------+
| |RTL Partition |Replication |Instances |
+-+--------------+------------+----------+
+-+--------------+------------+----------+
---------------------------------------------------------------------------------
Start Technology Mapping
---------------------------------------------------------------------------------
---------------------------------------------------------------------------------
Finished Technology Mapping : Time (s): cpu = 00:02:07 ; elapsed = 00:02:11 . Memory (MB): peak = 838.289 ; gain = 550.391
---------------------------------------------------------------------------------

Report RTL Partitions: 
+-+--------------+------------+----------+
| |RTL Partition |Replication |Instances |
+-+--------------+------------+----------+
+-+--------------+------------+----------+
---------------------------------------------------------------------------------
Start IO Insertion
---------------------------------------------------------------------------------
---------------------------------------------------------------------------------
Start Flattening Before IO Insertion
---------------------------------------------------------------------------------
---------------------------------------------------------------------------------
Finished Flattening Before IO Insertion
---------------------------------------------------------------------------------
---------------------------------------------------------------------------------
Start Final Netlist Cleanup
---------------------------------------------------------------------------------
INFO: [Synth 8-6064] Net \inst_fifo_gen/gconvfifo.rf/grf.rf/p_20_out  is driving 232 big block pins (URAM, BRAM and DSP loads). Created 24 replicas of its driver. 
---------------------------------------------------------------------------------
Finished Final Netlist Cleanup
---------------------------------------------------------------------------------
---------------------------------------------------------------------------------
Finished IO Insertion : Time (s): cpu = 00:02:08 ; elapsed = 00:02:12 . Memory (MB): peak = 838.289 ; gain = 550.391
---------------------------------------------------------------------------------

Report Check Netlist: 
+------+------------------+-------+---------+-------+------------------+
|      |Item              |Errors |Warnings |Status |Description       |
+------+------------------+-------+---------+-------+------------------+
|1     |multi_driven_nets |      0|        0|Passed |Multi driven nets |
+------+------------------+-------+---------+-------+------------------+
---------------------------------------------------------------------------------
Start Renaming Generated Instances
---------------------------------------------------------------------------------
---------------------------------------------------------------------------------
Finished Renaming Generated Instances : Time (s): cpu = 00:02:08 ; elapsed = 00:02:12 . Memory (MB): peak = 838.289 ; gain = 550.391
---------------------------------------------------------------------------------

Report RTL Partitions: 
+-+--------------+------------+----------+
| |RTL Partition |Replication |Instances |
+-+--------------+------------+----------+
+-+--------------+------------+----------+
---------------------------------------------------------------------------------
Start Rebuilding User Hierarchy
---------------------------------------------------------------------------------
---------------------------------------------------------------------------------
Finished Rebuilding User Hierarchy : Time (s): cpu = 00:02:08 ; elapsed = 00:02:13 . Memory (MB): peak = 838.289 ; gain = 550.391
---------------------------------------------------------------------------------
---------------------------------------------------------------------------------
Start Renaming Generated Ports
---------------------------------------------------------------------------------
---------------------------------------------------------------------------------
Finished Renaming Generated Ports : Time (s): cpu = 00:02:08 ; elapsed = 00:02:13 . Memory (MB): peak = 838.289 ; gain = 550.391
---------------------------------------------------------------------------------
---------------------------------------------------------------------------------
Start Handling Custom Attributes
---------------------------------------------------------------------------------
---------------------------------------------------------------------------------
Finished Handling Custom Attributes : Time (s): cpu = 00:02:08 ; elapsed = 00:02:13 . Memory (MB): peak = 838.289 ; gain = 550.391
---------------------------------------------------------------------------------
---------------------------------------------------------------------------------
Start Renaming Generated Nets
---------------------------------------------------------------------------------
---------------------------------------------------------------------------------
Finished Renaming Generated Nets : Time (s): cpu = 00:02:08 ; elapsed = 00:02:13 . Memory (MB): peak = 838.289 ; gain = 550.391
---------------------------------------------------------------------------------
---------------------------------------------------------------------------------
Start Writing Synthesis Report
---------------------------------------------------------------------------------

Report BlackBoxes: 
+-+--------------+----------+
| |BlackBox name |Instances |
+-+--------------+----------+
+-+--------------+----------+

Report Cell Usage: 
+------+-----------+------+
|      |Cell       |Count |
+------+-----------+------+
|1     |CARRY4     |    12|
|2     |LUT1       |     2|
|3     |LUT2       |    79|
|4     |LUT3       |     7|
|5     |LUT4       |    41|
|6     |LUT5       |    23|
|7     |LUT6       |   132|
|8     |MUXCY      |    32|
|9     |MUXF7      |    54|
|10    |MUXF8      |    27|
|11    |RAMB36E1   |    48|
|12    |RAMB36E1_1 |     5|
|13    |RAMB36E1_2 |     5|
|14    |FDCE       |   162|
|15    |FDPE       |    11|
|16    |FDRE       |   132|
+------+-----------+------+

Report Instance Areas: 
+------+-------------------------------------------------------+------------------------------------------+------+
|      |Instance                                               |Module                                    |Cells |
+------+-------------------------------------------------------+------------------------------------------+------+
|1     |top                                                    |                                          |   772|
|2     |  U0                                                   |fifo_generator_v13_2_3                    |   772|
|3     |    inst_fifo_gen                                      |fifo_generator_v13_2_3_synth              |   772|
|4     |      \gconvfifo.rf                                    |fifo_generator_top                        |   772|
|5     |        \grf.rf                                        |fifo_generator_ramfifo                    |   772|
|6     |          \gntv_or_sync_fifo.gcx.clkx                  |clk_x_pntrs                               |   220|
|7     |            wr_pntr_cdc_inst                           |xpm_cdc_gray__2                           |    94|
|8     |            rd_pntr_cdc_inst                           |xpm_cdc_gray                              |    94|
|9     |          \gntv_or_sync_fifo.gl0.rd                    |rd_logic                                  |   126|
|10    |            \gras.rsts                                 |rd_status_flags_as                        |    21|
|11    |              c0                                       |compare_1                                 |     9|
|12    |              c1                                       |compare_2                                 |     8|
|13    |            rpntr                                      |rd_bin_cntr                               |   105|
|14    |          \gntv_or_sync_fifo.gl0.wr                    |wr_logic                                  |   172|
|15    |            \gwas.gpf.wrpf                             |wr_pf_as                                  |    22|
|16    |            \gwas.wsts                                 |wr_status_flags_as                        |    45|
|17    |              c1                                       |compare                                   |     8|
|18    |              c2                                       |compare_0                                 |     9|
|19    |            wpntr                                      |wr_bin_cntr                               |   105|
|20    |          \gntv_or_sync_fifo.mem                       |memory                                    |   251|
|21    |            \gbm.gbmg.gbmga.ngecc.bmg                  |blk_mem_gen_v8_4_2                        |   251|
|22    |              inst_blk_mem_gen                         |blk_mem_gen_v8_4_2_synth                  |   251|
|23    |                \gnbram.gnativebmg.native_blk_mem_gen  |blk_mem_gen_top                           |   251|
|24    |                  \valid.cstr                          |blk_mem_gen_generic_cstr                  |   251|
|25    |                    \has_mux_b.B                       |blk_mem_gen_mux__parameterized0           |   193|
|26    |                    \ramloop[0].ram.r                  |blk_mem_gen_prim_width                    |     1|
|27    |                      \prim_noinit.ram                 |blk_mem_gen_prim_wrapper                  |     1|
|28    |                    \ramloop[10].ram.r                 |blk_mem_gen_prim_width__parameterized9    |     1|
|29    |                      \prim_noinit.ram                 |blk_mem_gen_prim_wrapper__parameterized9  |     1|
|30    |                    \ramloop[11].ram.r                 |blk_mem_gen_prim_width__parameterized10   |     1|
|31    |                      \prim_noinit.ram                 |blk_mem_gen_prim_wrapper__parameterized10 |     1|
|32    |                    \ramloop[12].ram.r                 |blk_mem_gen_prim_width__parameterized11   |     1|
|33    |                      \prim_noinit.ram                 |blk_mem_gen_prim_wrapper__parameterized11 |     1|
|34    |                    \ramloop[13].ram.r                 |blk_mem_gen_prim_width__parameterized12   |     1|
|35    |                      \prim_noinit.ram                 |blk_mem_gen_prim_wrapper__parameterized12 |     1|
|36    |                    \ramloop[14].ram.r                 |blk_mem_gen_prim_width__parameterized13   |     1|
|37    |                      \prim_noinit.ram                 |blk_mem_gen_prim_wrapper__parameterized13 |     1|
|38    |                    \ramloop[15].ram.r                 |blk_mem_gen_prim_width__parameterized14   |     1|
|39    |                      \prim_noinit.ram                 |blk_mem_gen_prim_wrapper__parameterized14 |     1|
|40    |                    \ramloop[16].ram.r                 |blk_mem_gen_prim_width__parameterized15   |     1|
|41    |                      \prim_noinit.ram                 |blk_mem_gen_prim_wrapper__parameterized15 |     1|
|42    |                    \ramloop[17].ram.r                 |blk_mem_gen_prim_width__parameterized16   |     1|
|43    |                      \prim_noinit.ram                 |blk_mem_gen_prim_wrapper__parameterized16 |     1|
|44    |                    \ramloop[18].ram.r                 |blk_mem_gen_prim_width__parameterized17   |     1|
|45    |                      \prim_noinit.ram                 |blk_mem_gen_prim_wrapper__parameterized17 |     1|
|46    |                    \ramloop[19].ram.r                 |blk_mem_gen_prim_width__parameterized18   |     1|
|47    |                      \prim_noinit.ram                 |blk_mem_gen_prim_wrapper__parameterized18 |     1|
|48    |                    \ramloop[1].ram.r                  |blk_mem_gen_prim_width__parameterized0    |     1|
|49    |                      \prim_noinit.ram                 |blk_mem_gen_prim_wrapper__parameterized0  |     1|
|50    |                    \ramloop[20].ram.r                 |blk_mem_gen_prim_width__parameterized19   |     1|
|51    |                      \prim_noinit.ram                 |blk_mem_gen_prim_wrapper__parameterized19 |     1|
|52    |                    \ramloop[21].ram.r                 |blk_mem_gen_prim_width__parameterized20   |     1|
|53    |                      \prim_noinit.ram                 |blk_mem_gen_prim_wrapper__parameterized20 |     1|
|54    |                    \ramloop[22].ram.r                 |blk_mem_gen_prim_width__parameterized21   |     1|
|55    |                      \prim_noinit.ram                 |blk_mem_gen_prim_wrapper__parameterized21 |     1|
|56    |                    \ramloop[23].ram.r                 |blk_mem_gen_prim_width__parameterized22   |     1|
|57    |                      \prim_noinit.ram                 |blk_mem_gen_prim_wrapper__parameterized22 |     1|
|58    |                    \ramloop[24].ram.r                 |blk_mem_gen_prim_width__parameterized23   |     1|
|59    |                      \prim_noinit.ram                 |blk_mem_gen_prim_wrapper__parameterized23 |     1|
|60    |                    \ramloop[25].ram.r                 |blk_mem_gen_prim_width__parameterized24   |     1|
|61    |                      \prim_noinit.ram                 |blk_mem_gen_prim_wrapper__parameterized24 |     1|
|62    |                    \ramloop[26].ram.r                 |blk_mem_gen_prim_width__parameterized25   |     1|
|63    |                      \prim_noinit.ram                 |blk_mem_gen_prim_wrapper__parameterized25 |     1|
|64    |                    \ramloop[27].ram.r                 |blk_mem_gen_prim_width__parameterized26   |     1|
|65    |                      \prim_noinit.ram                 |blk_mem_gen_prim_wrapper__parameterized26 |     1|
|66    |                    \ramloop[28].ram.r                 |blk_mem_gen_prim_width__parameterized27   |     1|
|67    |                      \prim_noinit.ram                 |blk_mem_gen_prim_wrapper__parameterized27 |     1|
|68    |                    \ramloop[29].ram.r                 |blk_mem_gen_prim_width__parameterized28   |     1|
|69    |                      \prim_noinit.ram                 |blk_mem_gen_prim_wrapper__parameterized28 |     1|
|70    |                    \ramloop[2].ram.r                  |blk_mem_gen_prim_width__parameterized1    |     1|
|71    |                      \prim_noinit.ram                 |blk_mem_gen_prim_wrapper__parameterized1  |     1|
|72    |                    \ramloop[30].ram.r                 |blk_mem_gen_prim_width__parameterized29   |     1|
|73    |                      \prim_noinit.ram                 |blk_mem_gen_prim_wrapper__parameterized29 |     1|
|74    |                    \ramloop[31].ram.r                 |blk_mem_gen_prim_width__parameterized30   |     1|
|75    |                      \prim_noinit.ram                 |blk_mem_gen_prim_wrapper__parameterized30 |     1|
|76    |                    \ramloop[32].ram.r                 |blk_mem_gen_prim_width__parameterized31   |     1|
|77    |                      \prim_noinit.ram                 |blk_mem_gen_prim_wrapper__parameterized31 |     1|
|78    |                    \ramloop[33].ram.r                 |blk_mem_gen_prim_width__parameterized32   |     1|
|79    |                      \prim_noinit.ram                 |blk_mem_gen_prim_wrapper__parameterized32 |     1|
|80    |                    \ramloop[34].ram.r                 |blk_mem_gen_prim_width__parameterized33   |     1|
|81    |                      \prim_noinit.ram                 |blk_mem_gen_prim_wrapper__parameterized33 |     1|
|82    |                    \ramloop[35].ram.r                 |blk_mem_gen_prim_width__parameterized34   |     1|
|83    |                      \prim_noinit.ram                 |blk_mem_gen_prim_wrapper__parameterized34 |     1|
|84    |                    \ramloop[36].ram.r                 |blk_mem_gen_prim_width__parameterized35   |     1|
|85    |                      \prim_noinit.ram                 |blk_mem_gen_prim_wrapper__parameterized35 |     1|
|86    |                    \ramloop[37].ram.r                 |blk_mem_gen_prim_width__parameterized36   |     1|
|87    |                      \prim_noinit.ram                 |blk_mem_gen_prim_wrapper__parameterized36 |     1|
|88    |                    \ramloop[38].ram.r                 |blk_mem_gen_prim_width__parameterized37   |     1|
|89    |                      \prim_noinit.ram                 |blk_mem_gen_prim_wrapper__parameterized37 |     1|
|90    |                    \ramloop[39].ram.r                 |blk_mem_gen_prim_width__parameterized38   |     1|
|91    |                      \prim_noinit.ram                 |blk_mem_gen_prim_wrapper__parameterized38 |     1|
|92    |                    \ramloop[3].ram.r                  |blk_mem_gen_prim_width__parameterized2    |     1|
|93    |                      \prim_noinit.ram                 |blk_mem_gen_prim_wrapper__parameterized2  |     1|
|94    |                    \ramloop[40].ram.r                 |blk_mem_gen_prim_width__parameterized39   |     1|
|95    |                      \prim_noinit.ram                 |blk_mem_gen_prim_wrapper__parameterized39 |     1|
|96    |                    \ramloop[41].ram.r                 |blk_mem_gen_prim_width__parameterized40   |     1|
|97    |                      \prim_noinit.ram                 |blk_mem_gen_prim_wrapper__parameterized40 |     1|
|98    |                    \ramloop[42].ram.r                 |blk_mem_gen_prim_width__parameterized41   |     1|
|99    |                      \prim_noinit.ram                 |blk_mem_gen_prim_wrapper__parameterized41 |     1|
|100   |                    \ramloop[43].ram.r                 |blk_mem_gen_prim_width__parameterized42   |     1|
|101   |                      \prim_noinit.ram                 |blk_mem_gen_prim_wrapper__parameterized42 |     1|
|102   |                    \ramloop[44].ram.r                 |blk_mem_gen_prim_width__parameterized43   |     1|
|103   |                      \prim_noinit.ram                 |blk_mem_gen_prim_wrapper__parameterized43 |     1|
|104   |                    \ramloop[45].ram.r                 |blk_mem_gen_prim_width__parameterized44   |     1|
|105   |                      \prim_noinit.ram                 |blk_mem_gen_prim_wrapper__parameterized44 |     1|
|106   |                    \ramloop[46].ram.r                 |blk_mem_gen_prim_width__parameterized45   |     1|
|107   |                      \prim_noinit.ram                 |blk_mem_gen_prim_wrapper__parameterized45 |     1|
|108   |                    \ramloop[47].ram.r                 |blk_mem_gen_prim_width__parameterized46   |     1|
|109   |                      \prim_noinit.ram                 |blk_mem_gen_prim_wrapper__parameterized46 |     1|
|110   |                    \ramloop[48].ram.r                 |blk_mem_gen_prim_width__parameterized47   |     2|
|111   |                      \prim_noinit.ram                 |blk_mem_gen_prim_wrapper__parameterized47 |     2|
|112   |                    \ramloop[49].ram.r                 |blk_mem_gen_prim_width__parameterized48   |     2|
|113   |                      \prim_noinit.ram                 |blk_mem_gen_prim_wrapper__parameterized48 |     2|
|114   |                    \ramloop[4].ram.r                  |blk_mem_gen_prim_width__parameterized3    |     1|
|115   |                      \prim_noinit.ram                 |blk_mem_gen_prim_wrapper__parameterized3  |     1|
|116   |                    \ramloop[50].ram.r                 |blk_mem_gen_prim_width__parameterized49   |     2|
|117   |                      \prim_noinit.ram                 |blk_mem_gen_prim_wrapper__parameterized49 |     2|
|118   |                    \ramloop[51].ram.r                 |blk_mem_gen_prim_width__parameterized50   |     2|
|119   |                      \prim_noinit.ram                 |blk_mem_gen_prim_wrapper__parameterized50 |     2|
|120   |                    \ramloop[52].ram.r                 |blk_mem_gen_prim_width__parameterized51   |     2|
|121   |                      \prim_noinit.ram                 |blk_mem_gen_prim_wrapper__parameterized51 |     2|
|122   |                    \ramloop[5].ram.r                  |blk_mem_gen_prim_width__parameterized4    |     1|
|123   |                      \prim_noinit.ram                 |blk_mem_gen_prim_wrapper__parameterized4  |     1|
|124   |                    \ramloop[6].ram.r                  |blk_mem_gen_prim_width__parameterized5    |     1|
|125   |                      \prim_noinit.ram                 |blk_mem_gen_prim_wrapper__parameterized5  |     1|
|126   |                    \ramloop[7].ram.r                  |blk_mem_gen_prim_width__parameterized6    |     1|
|127   |                      \prim_noinit.ram                 |blk_mem_gen_prim_wrapper__parameterized6  |     1|
|128   |                    \ramloop[8].ram.r                  |blk_mem_gen_prim_width__parameterized7    |     1|
|129   |                      \prim_noinit.ram                 |blk_mem_gen_prim_wrapper__parameterized7  |     1|
|130   |                    \ramloop[9].ram.r                  |blk_mem_gen_prim_width__parameterized8    |     1|
|131   |                      \prim_noinit.ram                 |blk_mem_gen_prim_wrapper__parameterized8  |     1|
|132   |          rstblk                                       |reset_blk_ramfifo                         |     3|
+------+-------------------------------------------------------+------------------------------------------+------+
---------------------------------------------------------------------------------
Finished Writing Synthesis Report : Time (s): cpu = 00:02:08 ; elapsed = 00:02:13 . Memory (MB): peak = 838.289 ; gain = 550.391
---------------------------------------------------------------------------------
Synthesis finished with 0 errors, 0 critical warnings and 511 warnings.
Synthesis Optimization Runtime : Time (s): cpu = 00:00:15 ; elapsed = 00:02:06 . Memory (MB): peak = 838.289 ; gain = 398.176
Synthesis Optimization Complete : Time (s): cpu = 00:02:08 ; elapsed = 00:02:13 . Memory (MB): peak = 838.289 ; gain = 550.391
INFO: [Project 1-571] Translating synthesized netlist
INFO: [Netlist 29-17] Analyzing 183 Unisim elements for replacement
INFO: [Netlist 29-28] Unisim Transformation completed in 0 CPU seconds
INFO: [Project 1-570] Preparing netlist for logic optimization
INFO: [Opt 31-138] Pushed 0 inverter(s) to 0 load pin(s).
Netlist sorting complete. Time (s): cpu = 00:00:00 ; elapsed = 00:00:00.001 . Memory (MB): peak = 838.289 ; gain = 0.000
INFO: [Project 1-111] Unisim Transformation Summary:
  A total of 8 instances were transformed.
  (MUXCY,XORCY) => CARRY4: 8 instances

INFO: [Common 17-83] Releasing license: Synthesis
22 Infos, 100 Warnings, 0 Critical Warnings and 0 Errors encountered.
synth_design completed successfully
synth_design: Time (s): cpu = 00:02:11 ; elapsed = 00:02:16 . Memory (MB): peak = 838.289 ; gain = 561.855
Netlist sorting complete. Time (s): cpu = 00:00:00 ; elapsed = 00:00:00.001 . Memory (MB): peak = 838.289 ; gain = 0.000
WARNING: [Constraints 18-5210] No constraints selected for write.
Resolution: This message can indicate that there are no constraints for the design, or it can indicate that the used_in flags are set such that the constraints are ignored. This later case is used when running synth_design to not write synthesis constraints to the resulting checkpoint. Instead, project constraints are read when the synthesized design is opened.
INFO: [Common 17-1381] The checkpoint 'C:/Users/hshanbha/immathrottleyourpipe/immathrottleyourpipe.runs/fifo_generator_0_synth_1/fifo_generator_0.dcp' has been generated.
INFO: [Coretcl 2-1648] Added synthesis output to IP cache for IP fifo_generator_0, cache-ID = 71a11a745da85f58
INFO: [Coretcl 2-1174] Renamed 131 cell refs.
Netlist sorting complete. Time (s): cpu = 00:00:00 ; elapsed = 00:00:00.001 . Memory (MB): peak = 838.289 ; gain = 0.000
WARNING: [Constraints 18-5210] No constraints selected for write.
Resolution: This message can indicate that there are no constraints for the design, or it can indicate that the used_in flags are set such that the constraints are ignored. This later case is used when running synth_design to not write synthesis constraints to the resulting checkpoint. Instead, project constraints are read when the synthesized design is opened.
INFO: [Common 17-1381] The checkpoint 'C:/Users/hshanbha/immathrottleyourpipe/immathrottleyourpipe.runs/fifo_generator_0_synth_1/fifo_generator_0.dcp' has been generated.
INFO: [runtcl-4] Executing : report_utilization -file fifo_generator_0_utilization_synth.rpt -pb fifo_generator_0_utilization_synth.pb
INFO: [Common 17-206] Exiting Vivado at Thu Mar  7 11:22:15 2019...
